  [1m[35m (0.5ms)[0m  [1m[35mSET NAMES utf8,  @@SESSION.sql_mode = CONCAT(CONCAT(@@sql_mode, ',STRICT_ALL_TABLES'), ',NO_AUTO_VALUE_ON_ZERO'),  @@SESSION.sql_auto_is_null = 0, @@SESSION.wait_timeout = 2147483[0m
  [1m[35m (0.2ms)[0m  [1m[34mSELECT DATABASE() as db[0m
  [1m[35m (0.3ms)[0m  [1m[34mSELECT GET_LOCK(3466450051621440555, 0)[0m
  [1m[35m (0.5ms)[0m  [1m[34mSELECT `schema_migrations`.`version` FROM `schema_migrations` ORDER BY `schema_migrations`.`version` ASC[0m
Migrating to CreateCourses (20170615190703)
  [1m[35m (2.6ms)[0m  [1m[35mCREATE TABLE `courses` (`id` bigint NOT NULL AUTO_INCREMENT PRIMARY KEY, `name` varchar(255), `description` varchar(255), `price` float, `created_at` datetime NOT NULL, `updated_at` datetime NOT NULL) ENGINE=InnoDB[0m
  [1m[35m (0.6ms)[0m  [1m[34mSELECT RELEASE_LOCK(3466450051621440555)[0m
  [1m[35m (0.5ms)[0m  [1m[35mSET NAMES utf8,  @@SESSION.sql_mode = CONCAT(CONCAT(@@sql_mode, ',STRICT_ALL_TABLES'), ',NO_AUTO_VALUE_ON_ZERO'),  @@SESSION.sql_auto_is_null = 0, @@SESSION.wait_timeout = 2147483[0m
  [1m[35m (1.0ms)[0m  [1m[34mSELECT DATABASE() as db[0m
  [1m[35m (0.4ms)[0m  [1m[34mSELECT GET_LOCK(3466450051621440555, 0)[0m
  [1m[35m (0.4ms)[0m  [1m[34mSELECT `schema_migrations`.`version` FROM `schema_migrations` ORDER BY `schema_migrations`.`version` ASC[0m
Migrating to CreateCourses (20170615190703)
  [1m[35m (328.5ms)[0m  [1m[35mCREATE TABLE `courses` (`id` bigint NOT NULL AUTO_INCREMENT PRIMARY KEY, `name` varchar(255), `description` varchar(255), `price` float, `created_at` datetime NOT NULL, `updated_at` datetime NOT NULL) ENGINE=InnoDB[0m
  [1m[35m (0.2ms)[0m  [1m[35mBEGIN[0m
  [1m[35mSQL (18.3ms)[0m  [1m[32mINSERT INTO `schema_migrations` (`version`) VALUES ('20170615190703')[0m
  [1m[35m (41.4ms)[0m  [1m[35mCOMMIT[0m
  [1m[36mActiveRecord::InternalMetadata Load (0.8ms)[0m  [1m[34mSELECT  `ar_internal_metadata`.* FROM `ar_internal_metadata` WHERE `ar_internal_metadata`.`key` = 'environment' LIMIT 1[0m
  [1m[35m (0.4ms)[0m  [1m[35mBEGIN[0m
  [1m[35m (0.3ms)[0m  [1m[35mCOMMIT[0m
  [1m[35m (0.4ms)[0m  [1m[34mSELECT RELEASE_LOCK(3466450051621440555)[0m
  [1m[35m (0.8ms)[0m  [1m[34mSELECT `schema_migrations`.`version` FROM `schema_migrations` ORDER BY `schema_migrations`.`version` ASC[0m
  [1m[35m (0.3ms)[0m  [1m[35mSHOW CREATE TABLE `courses`[0m
  [1m[35m (0.6ms)[0m  [1m[35mSHOW TABLE STATUS LIKE 'courses'[0m
  [1m[35m (0.3ms)[0m  [1m[35mSHOW CREATE TABLE `points`[0m
  [1m[35m (0.5ms)[0m  [1m[35mSHOW TABLE STATUS LIKE 'points'[0m
  [1m[35m (0.3ms)[0m  [1m[35mSHOW CREATE TABLE `users`[0m
  [1m[35m (0.6ms)[0m  [1m[35mSHOW TABLE STATUS LIKE 'users'[0m
Started GET "/courses" for 127.0.0.1 at 2017-06-15 14:09:33 -0500
  [1m[35m (0.5ms)[0m  [1m[35mSET NAMES utf8,  @@SESSION.sql_mode = CONCAT(CONCAT(@@sql_mode, ',STRICT_ALL_TABLES'), ',NO_AUTO_VALUE_ON_ZERO'),  @@SESSION.sql_auto_is_null = 0, @@SESSION.wait_timeout = 2147483[0m
  [1m[35m (0.4ms)[0m  [1m[34mSELECT `schema_migrations`.`version` FROM `schema_migrations` ORDER BY `schema_migrations`.`version` ASC[0m
Processing by CoursesController#index as HTML
  Rendering courses/index.html.erb within layouts/application
  [1m[36mCourse Load (0.7ms)[0m  [1m[34mSELECT `courses`.* FROM `courses`[0m
  Rendered courses/index.html.erb within layouts/application (5.0ms)
Completed 200 OK in 14784ms (Views: 14768.3ms | ActiveRecord: 1.3ms)


Started GET "/courses/new" for 127.0.0.1 at 2017-06-15 14:09:54 -0500
Processing by CoursesController#new as HTML
  Rendering courses/new.html.erb within layouts/application
  Rendered courses/_form.html.erb (29.8ms) [cache miss]
  Rendered courses/new.html.erb within layouts/application (31.7ms)
Completed 200 OK in 143ms (Views: 125.0ms | ActiveRecord: 1.6ms)


Started POST "/courses" for 127.0.0.1 at 2017-06-15 14:10:26 -0500
Processing by CoursesController#create as HTML
  Parameters: {"utf8"=>"✓", "authenticity_token"=>"uRIAn4IBCDCnLF9qxxmLO/oOUFvuXgWeIiObaZRJBlb1kRQsb8RIHL1RbuZDTRLrpCe4zyaAqBmXpITz0NO8JQ==", "course"=>{"name"=>"Ruby on rails", "description"=>"This is a great course", "price"=>"55522"}, "commit"=>"Create Course"}
  [1m[35m (0.3ms)[0m  [1m[35mBEGIN[0m
  [1m[35mSQL (0.6ms)[0m  [1m[32mINSERT INTO `courses` (`name`, `description`, `price`, `created_at`, `updated_at`) VALUES ('Ruby on rails', 'This is a great course', 55522.0, '2017-06-15 19:10:26', '2017-06-15 19:10:26')[0m
  [1m[35m (97.6ms)[0m  [1m[35mCOMMIT[0m
Redirected to http://localhost:3000/courses/1
Completed 302 Found in 107ms (ActiveRecord: 98.5ms)


Started GET "/courses/1" for 127.0.0.1 at 2017-06-15 14:10:26 -0500
Processing by CoursesController#show as HTML
  Parameters: {"id"=>"1"}
  [1m[36mCourse Load (0.7ms)[0m  [1m[34mSELECT  `courses`.* FROM `courses` WHERE `courses`.`id` = 1 LIMIT 1[0m
  Rendering courses/show.html.erb within layouts/application
  Rendered courses/show.html.erb within layouts/application (1.8ms)
Completed 200 OK in 232ms (Views: 207.8ms | ActiveRecord: 0.7ms)


Started GET "/courses" for 127.0.0.1 at 2017-06-15 14:10:35 -0500
Processing by CoursesController#index as HTML
  Rendering courses/index.html.erb within layouts/application
  [1m[36mCourse Load (0.5ms)[0m  [1m[34mSELECT `courses`.* FROM `courses`[0m
  Rendered courses/index.html.erb within layouts/application (3.9ms)
Completed 200 OK in 99ms (Views: 94.8ms | ActiveRecord: 0.5ms)


Started GET "/courses" for 127.0.0.1 at 2017-06-15 14:11:45 -0500
Processing by CoursesController#index as HTML
  Rendering courses/index.html.erb within layouts/application
  [1m[36mCourse Load (0.5ms)[0m  [1m[34mSELECT `courses`.* FROM `courses`[0m
  Rendered courses/index.html.erb within layouts/application (3.5ms)
Completed 200 OK in 77ms (Views: 75.0ms | ActiveRecord: 0.5ms)


Started GET "/courses" for 127.0.0.1 at 2017-06-15 14:12:24 -0500
Processing by CoursesController#index as HTML
  Rendering courses/index.html.erb within layouts/application
  [1m[36mCourse Load (0.5ms)[0m  [1m[34mSELECT `courses`.* FROM `courses`[0m
  Rendered courses/index.html.erb within layouts/application (3.4ms)
Completed 200 OK in 89ms (Views: 86.1ms | ActiveRecord: 0.5ms)


Started GET "/courses" for 127.0.0.1 at 2017-06-15 14:12:36 -0500
Processing by CoursesController#index as HTML
  Rendering courses/index.html.erb within layouts/application
  [1m[36mCourse Load (0.5ms)[0m  [1m[34mSELECT `courses`.* FROM `courses`[0m
  Rendered courses/index.html.erb within layouts/application (4.0ms)
Completed 200 OK in 78ms (Views: 75.9ms | ActiveRecord: 0.5ms)


Started GET "/courses/1/edit" for 127.0.0.1 at 2017-06-15 14:12:50 -0500
Processing by CoursesController#edit as HTML
  Parameters: {"id"=>"1"}
  [1m[36mCourse Load (0.6ms)[0m  [1m[34mSELECT  `courses`.* FROM `courses` WHERE `courses`.`id` = 1 LIMIT 1[0m
  Rendering courses/edit.html.erb within layouts/application
  Rendered courses/_form.html.erb (4.7ms) [cache miss]
  Rendered courses/edit.html.erb within layouts/application (6.4ms)
Completed 200 OK in 97ms (Views: 92.8ms | ActiveRecord: 0.6ms)


Started GET "/courses/1" for 127.0.0.1 at 2017-06-15 14:12:55 -0500
Processing by CoursesController#show as HTML
  Parameters: {"id"=>"1"}
  [1m[36mCourse Load (0.5ms)[0m  [1m[34mSELECT  `courses`.* FROM `courses` WHERE `courses`.`id` = 1 LIMIT 1[0m
  Rendering courses/show.html.erb within layouts/application
  Rendered courses/show.html.erb within layouts/application (1.3ms)
Completed 200 OK in 114ms (Views: 110.0ms | ActiveRecord: 0.5ms)


Started GET "/courses" for 127.0.0.1 at 2017-06-15 14:13:00 -0500
Processing by CoursesController#index as HTML
  Rendering courses/index.html.erb within layouts/application
  [1m[36mCourse Load (0.5ms)[0m  [1m[34mSELECT `courses`.* FROM `courses`[0m
  Rendered courses/index.html.erb within layouts/application (4.7ms)
Completed 200 OK in 113ms (Views: 110.4ms | ActiveRecord: 0.5ms)


  [1m[35m (0.5ms)[0m  [1m[35mSET NAMES utf8,  @@SESSION.sql_mode = CONCAT(CONCAT(@@sql_mode, ',STRICT_ALL_TABLES'), ',NO_AUTO_VALUE_ON_ZERO'),  @@SESSION.sql_auto_is_null = 0, @@SESSION.wait_timeout = 2147483[0m
  [1m[35m (0.2ms)[0m  [1m[34mSELECT DATABASE() as db[0m
  [1m[35m (0.2ms)[0m  [1m[34mSELECT GET_LOCK(3466450051621440555, 0)[0m
  [1m[35m (0.4ms)[0m  [1m[34mSELECT `schema_migrations`.`version` FROM `schema_migrations` ORDER BY `schema_migrations`.`version` ASC[0m
Migrating to AddCategoryToCourse (20170615191616)
  [1m[35m (845.7ms)[0m  [1m[35mALTER TABLE `courses` ADD `category` varchar(255)[0m
  [1m[35m (0.2ms)[0m  [1m[35mBEGIN[0m
  [1m[35mSQL (0.4ms)[0m  [1m[32mINSERT INTO `schema_migrations` (`version`) VALUES ('20170615191616')[0m
  [1m[35m (93.0ms)[0m  [1m[35mCOMMIT[0m
  [1m[36mActiveRecord::InternalMetadata Load (0.7ms)[0m  [1m[34mSELECT  `ar_internal_metadata`.* FROM `ar_internal_metadata` WHERE `ar_internal_metadata`.`key` = 'environment' LIMIT 1[0m
  [1m[35m (0.2ms)[0m  [1m[35mBEGIN[0m
  [1m[35m (0.2ms)[0m  [1m[35mCOMMIT[0m
  [1m[35m (0.3ms)[0m  [1m[34mSELECT RELEASE_LOCK(3466450051621440555)[0m
  [1m[35m (0.4ms)[0m  [1m[34mSELECT `schema_migrations`.`version` FROM `schema_migrations` ORDER BY `schema_migrations`.`version` ASC[0m
  [1m[35m (0.2ms)[0m  [1m[35mSHOW CREATE TABLE `courses`[0m
  [1m[35m (0.6ms)[0m  [1m[35mSHOW TABLE STATUS LIKE 'courses'[0m
  [1m[35m (0.2ms)[0m  [1m[35mSHOW CREATE TABLE `points`[0m
  [1m[35m (0.5ms)[0m  [1m[35mSHOW TABLE STATUS LIKE 'points'[0m
  [1m[35m (0.3ms)[0m  [1m[35mSHOW CREATE TABLE `users`[0m
  [1m[35m (0.6ms)[0m  [1m[35mSHOW TABLE STATUS LIKE 'users'[0m
Started GET "/courses/1/edit" for 127.0.0.1 at 2017-06-15 14:18:09 -0500
  [1m[35m (0.6ms)[0m  [1m[35mSET NAMES utf8,  @@SESSION.sql_mode = CONCAT(CONCAT(@@sql_mode, ',STRICT_ALL_TABLES'), ',NO_AUTO_VALUE_ON_ZERO'),  @@SESSION.sql_auto_is_null = 0, @@SESSION.wait_timeout = 2147483[0m
  [1m[35m (0.4ms)[0m  [1m[34mSELECT `schema_migrations`.`version` FROM `schema_migrations` ORDER BY `schema_migrations`.`version` ASC[0m
Processing by CoursesController#edit as HTML
  Parameters: {"id"=>"1"}
  [1m[36mCourse Load (0.8ms)[0m  [1m[34mSELECT  `courses`.* FROM `courses` WHERE `courses`.`id` = 1 LIMIT 1[0m
  Rendering courses/edit.html.erb within layouts/application
  Rendered courses/_form.html.erb (19.3ms) [cache miss]
  Rendered courses/edit.html.erb within layouts/application (21.7ms)
Completed 200 OK in 525ms (Views: 489.4ms | ActiveRecord: 2.9ms)


Started GET "/courses" for 127.0.0.1 at 2017-06-15 14:18:19 -0500
Processing by CoursesController#index as HTML
  Rendering courses/index.html.erb within layouts/application
  [1m[36mCourse Load (0.5ms)[0m  [1m[34mSELECT `courses`.* FROM `courses`[0m
  Rendered courses/index.html.erb within layouts/application (4.7ms)
Completed 200 OK in 157ms (Views: 152.8ms | ActiveRecord: 0.5ms)


Started GET "/courses" for 127.0.0.1 at 2017-06-15 14:21:12 -0500
Processing by CoursesController#index as HTML
  Rendering courses/index.html.erb within layouts/application
  [1m[36mCourse Load (0.6ms)[0m  [1m[34mSELECT `courses`.* FROM `courses`[0m
  Rendered courses/index.html.erb within layouts/application (20.9ms)
Completed 200 OK in 178ms (Views: 168.1ms | ActiveRecord: 2.4ms)


Started GET "/courses/1/edit" for 127.0.0.1 at 2017-06-15 14:21:17 -0500
Processing by CoursesController#edit as HTML
  Parameters: {"id"=>"1"}
  [1m[36mCourse Load (0.6ms)[0m  [1m[34mSELECT  `courses`.* FROM `courses` WHERE `courses`.`id` = 1 LIMIT 1[0m
  Rendering courses/edit.html.erb within layouts/application
  Rendered courses/_form.html.erb (7.2ms) [cache miss]
  Rendered courses/edit.html.erb within layouts/application (9.4ms)
Completed 200 OK in 98ms (Views: 93.0ms | ActiveRecord: 0.6ms)


Started PATCH "/courses/1" for 127.0.0.1 at 2017-06-15 14:21:27 -0500
Processing by CoursesController#update as HTML
  Parameters: {"utf8"=>"✓", "authenticity_token"=>"4EsVbDAC8qilprhXwjk9IEYm5s+l7thQku5+MUg4GpLeSxgAC9SNYOK6wrhp9UkhfZQYZGF3+ee3M9Jr2tnNew==", "course"=>{"name"=>"Ruby on rails", "description"=>"This is a great course", "price"=>"55522.0", "category"=>"Matematicas"}, "commit"=>"Update Course", "id"=>"1"}
  [1m[36mCourse Load (0.6ms)[0m  [1m[34mSELECT  `courses`.* FROM `courses` WHERE `courses`.`id` = 1 LIMIT 1[0m
  [1m[35m (0.2ms)[0m  [1m[35mBEGIN[0m
  [1m[35mSQL (22.9ms)[0m  [1m[33mUPDATE `courses` SET `category` = 'Matematicas', `updated_at` = '2017-06-15 19:21:27' WHERE `courses`.`id` = 1[0m
  [1m[35m (127.5ms)[0m  [1m[35mCOMMIT[0m
Redirected to http://localhost:3000/courses/1
Completed 302 Found in 161ms (ActiveRecord: 151.1ms)


Started GET "/courses/1" for 127.0.0.1 at 2017-06-15 14:21:27 -0500
Processing by CoursesController#show as HTML
  Parameters: {"id"=>"1"}
  [1m[36mCourse Load (0.7ms)[0m  [1m[34mSELECT  `courses`.* FROM `courses` WHERE `courses`.`id` = 1 LIMIT 1[0m
  Rendering courses/show.html.erb within layouts/application
  Rendered courses/show.html.erb within layouts/application (1.4ms)
Completed 200 OK in 81ms (Views: 76.9ms | ActiveRecord: 0.7ms)


Started GET "/courses" for 127.0.0.1 at 2017-06-15 14:21:34 -0500
Processing by CoursesController#index as HTML
  Rendering courses/index.html.erb within layouts/application
  [1m[36mCourse Load (0.5ms)[0m  [1m[34mSELECT `courses`.* FROM `courses`[0m
  Rendered courses/index.html.erb within layouts/application (4.5ms)
Completed 200 OK in 104ms (Views: 100.6ms | ActiveRecord: 0.5ms)


Started GET "/courses" for 127.0.0.1 at 2017-06-15 14:28:48 -0500
Processing by CoursesController#index as HTML
  Rendering courses/index.html.erb within layouts/application
  [1m[36mCourse Load (0.5ms)[0m  [1m[34mSELECT `courses`.* FROM `courses`[0m
  Rendered courses/index.html.erb within layouts/application (3.8ms)
Completed 200 OK in 85ms (Views: 83.1ms | ActiveRecord: 0.5ms)


Started GET "/courses" for 127.0.0.1 at 2017-06-15 15:43:23 -0500
  
ActiveRecord::NoDatabaseError (Unknown database 'connectionpoint_development'):
  
activerecord (5.1.1) lib/active_record/connection_adapters/mysql2_adapter.rb:25:in `rescue in mysql2_connection'
activerecord (5.1.1) lib/active_record/connection_adapters/mysql2_adapter.rb:12:in `mysql2_connection'
activerecord (5.1.1) lib/active_record/connection_adapters/abstract/connection_pool.rb:759:in `new_connection'
activerecord (5.1.1) lib/active_record/connection_adapters/abstract/connection_pool.rb:803:in `checkout_new_connection'
activerecord (5.1.1) lib/active_record/connection_adapters/abstract/connection_pool.rb:782:in `try_to_checkout_new_connection'
activerecord (5.1.1) lib/active_record/connection_adapters/abstract/connection_pool.rb:743:in `acquire_connection'
activerecord (5.1.1) lib/active_record/connection_adapters/abstract/connection_pool.rb:500:in `checkout'
activerecord (5.1.1) lib/active_record/connection_adapters/abstract/connection_pool.rb:374:in `connection'
activerecord (5.1.1) lib/active_record/connection_adapters/abstract/connection_pool.rb:931:in `retrieve_connection'
activerecord (5.1.1) lib/active_record/connection_handling.rb:116:in `retrieve_connection'
activerecord (5.1.1) lib/active_record/connection_handling.rb:88:in `connection'
activerecord (5.1.1) lib/active_record/migration.rb:562:in `connection'
activerecord (5.1.1) lib/active_record/migration.rb:553:in `call'
actionpack (5.1.1) lib/action_dispatch/middleware/callbacks.rb:26:in `block in call'
activesupport (5.1.1) lib/active_support/callbacks.rb:97:in `run_callbacks'
actionpack (5.1.1) lib/action_dispatch/middleware/callbacks.rb:24:in `call'
actionpack (5.1.1) lib/action_dispatch/middleware/executor.rb:12:in `call'
actionpack (5.1.1) lib/action_dispatch/middleware/debug_exceptions.rb:59:in `call'
web-console (3.5.1) lib/web_console/middleware.rb:135:in `call_app'
web-console (3.5.1) lib/web_console/middleware.rb:28:in `block in call'
web-console (3.5.1) lib/web_console/middleware.rb:18:in `catch'
web-console (3.5.1) lib/web_console/middleware.rb:18:in `call'
actionpack (5.1.1) lib/action_dispatch/middleware/show_exceptions.rb:31:in `call'
railties (5.1.1) lib/rails/rack/logger.rb:36:in `call_app'
railties (5.1.1) lib/rails/rack/logger.rb:24:in `block in call'
activesupport (5.1.1) lib/active_support/tagged_logging.rb:69:in `block in tagged'
activesupport (5.1.1) lib/active_support/tagged_logging.rb:26:in `tagged'
activesupport (5.1.1) lib/active_support/tagged_logging.rb:69:in `tagged'
railties (5.1.1) lib/rails/rack/logger.rb:24:in `call'
sprockets-rails (3.2.0) lib/sprockets/rails/quiet_assets.rb:13:in `call'
actionpack (5.1.1) lib/action_dispatch/middleware/remote_ip.rb:79:in `call'
actionpack (5.1.1) lib/action_dispatch/middleware/request_id.rb:25:in `call'
rack (2.0.3) lib/rack/method_override.rb:22:in `call'
rack (2.0.3) lib/rack/runtime.rb:22:in `call'
activesupport (5.1.1) lib/active_support/cache/strategy/local_cache_middleware.rb:27:in `call'
actionpack (5.1.1) lib/action_dispatch/middleware/executor.rb:12:in `call'
actionpack (5.1.1) lib/action_dispatch/middleware/static.rb:125:in `call'
rack (2.0.3) lib/rack/sendfile.rb:111:in `call'
railties (5.1.1) lib/rails/engine.rb:522:in `call'
puma (3.9.1) lib/puma/configuration.rb:224:in `call'
puma (3.9.1) lib/puma/server.rb:602:in `handle_request'
puma (3.9.1) lib/puma/server.rb:435:in `process_client'
puma (3.9.1) lib/puma/server.rb:299:in `block in run'
puma (3.9.1) lib/puma/thread_pool.rb:120:in `block in spawn_thread'
  [1m[35m (0.3ms)[0m  [1m[35mSET NAMES utf8,  @@SESSION.sql_mode = CONCAT(CONCAT(@@sql_mode, ',STRICT_ALL_TABLES'), ',NO_AUTO_VALUE_ON_ZERO'),  @@SESSION.sql_auto_is_null = 0, @@SESSION.wait_timeout = 2147483[0m
  [1m[35m (380.5ms)[0m  [1m[35mCREATE TABLE `schema_migrations` (`version` varchar(255) NOT NULL PRIMARY KEY) ENGINE=InnoDB[0m
  [1m[35m (264.1ms)[0m  [1m[35mCREATE TABLE `ar_internal_metadata` (`key` varchar(255) NOT NULL PRIMARY KEY, `value` varchar(255), `created_at` datetime NOT NULL, `updated_at` datetime NOT NULL) ENGINE=InnoDB[0m
  [1m[35m (0.4ms)[0m  [1m[34mSELECT DATABASE() as db[0m
  [1m[35m (0.3ms)[0m  [1m[34mSELECT GET_LOCK(3466450051621440555, 0)[0m
  [1m[35m (0.5ms)[0m  [1m[34mSELECT `schema_migrations`.`version` FROM `schema_migrations` ORDER BY `schema_migrations`.`version` ASC[0m
Migrating to CreateUsers (20170609162422)
  [1m[35m (236.5ms)[0m  [1m[35mCREATE TABLE `users` (`id` bigint NOT NULL AUTO_INCREMENT PRIMARY KEY, `created_at` datetime NOT NULL, `updated_at` datetime NOT NULL) ENGINE=InnoDB[0m
  [1m[35m (0.3ms)[0m  [1m[35mBEGIN[0m
  [1m[35mSQL (0.4ms)[0m  [1m[32mINSERT INTO `schema_migrations` (`version`) VALUES ('20170609162422')[0m
  [1m[35m (26.9ms)[0m  [1m[35mCOMMIT[0m
Migrating to AddDeviseToUsers (20170609162522)
  [1m[35m (477.2ms)[0m  [1m[35mALTER TABLE `users` ADD `name` varchar(255) NOT NULL[0m
  [1m[35m (490.2ms)[0m  [1m[35mALTER TABLE `users` ADD `last_name` varchar(255) NOT NULL[0m
  [1m[35m (402.6ms)[0m  [1m[35mALTER TABLE `users` ADD `document_type` varchar(255) DEFAULT 'CC' NOT NULL[0m
  [1m[35m (412.5ms)[0m  [1m[35mALTER TABLE `users` ADD `document_number` int NOT NULL[0m
  [1m[35m (424.3ms)[0m  [1m[35mALTER TABLE `users` ADD `birthday` datetime NOT NULL[0m
  [1m[35m (435.0ms)[0m  [1m[35mALTER TABLE `users` ADD `points` int DEFAULT 0 NOT NULL[0m
  [1m[35m (412.4ms)[0m  [1m[35mALTER TABLE `users` ADD `email` varchar(255) DEFAULT '' NOT NULL[0m
  [1m[35m (412.6ms)[0m  [1m[35mALTER TABLE `users` ADD `encrypted_password` varchar(255) DEFAULT '' NOT NULL[0m
  [1m[35m (457.0ms)[0m  [1m[35mALTER TABLE `users` ADD `reset_password_token` varchar(255)[0m
  [1m[35m (402.5ms)[0m  [1m[35mALTER TABLE `users` ADD `reset_password_sent_at` datetime[0m
  [1m[35m (1058.7ms)[0m  [1m[35mALTER TABLE `users` ADD `remember_created_at` datetime[0m
  [1m[35m (912.1ms)[0m  [1m[35mALTER TABLE `users` ADD `sign_in_count` int DEFAULT 0 NOT NULL[0m
  [1m[35m (489.6ms)[0m  [1m[35mALTER TABLE `users` ADD `current_sign_in_at` datetime[0m
  [1m[35m (456.4ms)[0m  [1m[35mALTER TABLE `users` ADD `last_sign_in_at` datetime[0m
  [1m[35m (402.9ms)[0m  [1m[35mALTER TABLE `users` ADD `current_sign_in_ip` varchar(255)[0m
  [1m[35m (423.5ms)[0m  [1m[35mALTER TABLE `users` ADD `last_sign_in_ip` varchar(255)[0m
  [1m[35m (210.9ms)[0m  [1m[35mCREATE UNIQUE INDEX `index_users_on_email`  ON `users` (`email`) [0m
  [1m[35m (231.9ms)[0m  [1m[35mCREATE UNIQUE INDEX `index_users_on_reset_password_token`  ON `users` (`reset_password_token`) [0m
  [1m[35m (0.2ms)[0m  [1m[35mBEGIN[0m
  [1m[35mSQL (0.3ms)[0m  [1m[32mINSERT INTO `schema_migrations` (`version`) VALUES ('20170609162522')[0m
  [1m[35m (64.8ms)[0m  [1m[35mCOMMIT[0m
Migrating to CreateCourses (20170615190703)
  [1m[35m (266.8ms)[0m  [1m[35mCREATE TABLE `courses` (`id` bigint NOT NULL AUTO_INCREMENT PRIMARY KEY, `name` varchar(255), `description` varchar(255), `price` float, `created_at` datetime NOT NULL, `updated_at` datetime NOT NULL) ENGINE=InnoDB[0m
  [1m[35m (0.3ms)[0m  [1m[35mBEGIN[0m
  [1m[35mSQL (0.4ms)[0m  [1m[32mINSERT INTO `schema_migrations` (`version`) VALUES ('20170615190703')[0m
  [1m[35m (30.3ms)[0m  [1m[35mCOMMIT[0m
Migrating to AddCategoryToCourse (20170615191616)
  [1m[35m (812.6ms)[0m  [1m[35mALTER TABLE `courses` ADD `category` varchar(255)[0m
  [1m[35m (0.2ms)[0m  [1m[35mBEGIN[0m
  [1m[35mSQL (0.4ms)[0m  [1m[32mINSERT INTO `schema_migrations` (`version`) VALUES ('20170615191616')[0m
  [1m[35m (240.9ms)[0m  [1m[35mCOMMIT[0m
  [1m[36mActiveRecord::InternalMetadata Load (0.4ms)[0m  [1m[34mSELECT  `ar_internal_metadata`.* FROM `ar_internal_metadata` WHERE `ar_internal_metadata`.`key` = 'environment' LIMIT 1[0m
  [1m[35m (0.2ms)[0m  [1m[35mBEGIN[0m
  [1m[35mSQL (0.3ms)[0m  [1m[32mINSERT INTO `ar_internal_metadata` (`key`, `value`, `created_at`, `updated_at`) VALUES ('environment', 'development', '2017-06-15 20:43:52', '2017-06-15 20:43:52')[0m
  [1m[35m (66.8ms)[0m  [1m[35mCOMMIT[0m
  [1m[35m (0.3ms)[0m  [1m[34mSELECT RELEASE_LOCK(3466450051621440555)[0m
  [1m[35m (0.3ms)[0m  [1m[34mSELECT `schema_migrations`.`version` FROM `schema_migrations` ORDER BY `schema_migrations`.`version` ASC[0m
  [1m[35m (0.2ms)[0m  [1m[35mSHOW CREATE TABLE `courses`[0m
  [1m[35m (0.6ms)[0m  [1m[35mSHOW TABLE STATUS LIKE 'courses'[0m
  [1m[35m (0.4ms)[0m  [1m[35mSHOW CREATE TABLE `users`[0m
  [1m[35m (0.6ms)[0m  [1m[35mSHOW TABLE STATUS LIKE 'users'[0m
Started GET "/courses" for 127.0.0.1 at 2017-06-15 15:43:57 -0500
  [1m[35m (0.5ms)[0m  [1m[35mSET NAMES utf8,  @@SESSION.sql_mode = CONCAT(CONCAT(@@sql_mode, ',STRICT_ALL_TABLES'), ',NO_AUTO_VALUE_ON_ZERO'),  @@SESSION.sql_auto_is_null = 0, @@SESSION.wait_timeout = 2147483[0m
  [1m[35m (0.3ms)[0m  [1m[34mSELECT `schema_migrations`.`version` FROM `schema_migrations` ORDER BY `schema_migrations`.`version` ASC[0m
Processing by CoursesController#index as HTML
  Rendering courses/index.html.erb within layouts/application
  [1m[36mCourse Load (0.4ms)[0m  [1m[34mSELECT `courses`.* FROM `courses`[0m
  Rendered courses/index.html.erb within layouts/application (3.8ms)
Completed 200 OK in 11155ms (Views: 11140.1ms | ActiveRecord: 0.9ms)


Started GET "/" for 127.0.0.1 at 2017-06-15 15:44:15 -0500
Processing by HomeController#index as HTML
  Rendering home/index.html.erb within layouts/application
  Rendered home/index.html.erb within layouts/application (0.8ms)
Completed 200 OK in 71ms (Views: 68.2ms | ActiveRecord: 0.0ms)


Started GET "/" for 127.0.0.1 at 2017-06-15 15:44:58 -0500
  [1m[35m (0.4ms)[0m  [1m[35mSET NAMES utf8,  @@SESSION.sql_mode = CONCAT(CONCAT(@@sql_mode, ',STRICT_ALL_TABLES'), ',NO_AUTO_VALUE_ON_ZERO'),  @@SESSION.sql_auto_is_null = 0, @@SESSION.wait_timeout = 2147483[0m
  [1m[35m (0.3ms)[0m  [1m[34mSELECT `schema_migrations`.`version` FROM `schema_migrations` ORDER BY `schema_migrations`.`version` ASC[0m
Processing by HomeController#index as HTML
  Rendering home/index.html.erb within layouts/application
  Rendered home/index.html.erb within layouts/application (1.1ms)
Completed 200 OK in 361ms (Views: 349.4ms | ActiveRecord: 0.0ms)


Started GET "/" for 127.0.0.1 at 2017-06-15 15:45:00 -0500
Processing by HomeController#index as HTML
  Rendering home/index.html.erb within layouts/application
  Rendered home/index.html.erb within layouts/application (0.7ms)
Completed 200 OK in 115ms (Views: 113.0ms | ActiveRecord: 0.0ms)


Started GET "/" for 127.0.0.1 at 2017-06-15 15:45:00 -0500
Processing by HomeController#index as HTML
  Rendering home/index.html.erb within layouts/application
  Rendered home/index.html.erb within layouts/application (0.7ms)
Completed 200 OK in 98ms (Views: 95.5ms | ActiveRecord: 0.0ms)


Started GET "/courses" for 127.0.0.1 at 2017-06-15 15:45:05 -0500
Processing by CoursesController#index as HTML
  Rendering courses/index.html.erb within layouts/application
  [1m[36mCourse Load (0.4ms)[0m  [1m[34mSELECT `courses`.* FROM `courses`[0m
  Rendered courses/index.html.erb within layouts/application (6.1ms)
Completed 200 OK in 121ms (Views: 115.3ms | ActiveRecord: 1.4ms)


  [1m[35m (0.3ms)[0m  [1m[35mSET NAMES utf8,  @@SESSION.sql_mode = CONCAT(CONCAT(@@sql_mode, ',STRICT_ALL_TABLES'), ',NO_AUTO_VALUE_ON_ZERO'),  @@SESSION.sql_auto_is_null = 0, @@SESSION.wait_timeout = 2147483[0m
  [1m[35m (0.2ms)[0m  [1m[34mSELECT DATABASE() as db[0m
  [1m[35m (0.8ms)[0m  [1m[34mSELECT GET_LOCK(3466450051621440555, 0)[0m
  [1m[35m (0.3ms)[0m  [1m[34mSELECT `schema_migrations`.`version` FROM `schema_migrations` ORDER BY `schema_migrations`.`version` ASC[0m
Migrating to AddAdminToUsers (20170615204920)
  [1m[35m (462.5ms)[0m  [1m[35mALTER TABLE `users` ADD `admin` tinyint(1)[0m
  [1m[35m (0.3ms)[0m  [1m[35mBEGIN[0m
  [1m[35mSQL (0.4ms)[0m  [1m[32mINSERT INTO `schema_migrations` (`version`) VALUES ('20170615204920')[0m
  [1m[35m (28.5ms)[0m  [1m[35mCOMMIT[0m
  [1m[36mActiveRecord::InternalMetadata Load (0.5ms)[0m  [1m[34mSELECT  `ar_internal_metadata`.* FROM `ar_internal_metadata` WHERE `ar_internal_metadata`.`key` = 'environment' LIMIT 1[0m
  [1m[35m (0.2ms)[0m  [1m[35mBEGIN[0m
  [1m[35m (0.2ms)[0m  [1m[35mCOMMIT[0m
  [1m[35m (0.2ms)[0m  [1m[34mSELECT RELEASE_LOCK(3466450051621440555)[0m
  [1m[35m (0.3ms)[0m  [1m[34mSELECT `schema_migrations`.`version` FROM `schema_migrations` ORDER BY `schema_migrations`.`version` ASC[0m
  [1m[35m (0.3ms)[0m  [1m[35mSHOW CREATE TABLE `courses`[0m
  [1m[35m (0.3ms)[0m  [1m[35mSHOW TABLE STATUS LIKE 'courses'[0m
  [1m[35m (0.2ms)[0m  [1m[35mSHOW CREATE TABLE `users`[0m
  [1m[35m (0.3ms)[0m  [1m[35mSHOW TABLE STATUS LIKE 'users'[0m
  [1m[35m (0.5ms)[0m  [1m[35mSET NAMES utf8,  @@SESSION.sql_mode = CONCAT(CONCAT(@@sql_mode, ',STRICT_ALL_TABLES'), ',NO_AUTO_VALUE_ON_ZERO'),  @@SESSION.sql_auto_is_null = 0, @@SESSION.wait_timeout = 2147483[0m
  [1m[35m (0.2ms)[0m  [1m[34mSELECT DATABASE() as db[0m
  [1m[35m (0.1ms)[0m  [1m[34mSELECT GET_LOCK(3466450051621440555, 0)[0m
  [1m[35m (0.2ms)[0m  [1m[34mSELECT `schema_migrations`.`version` FROM `schema_migrations` ORDER BY `schema_migrations`.`version` ASC[0m
  [1m[36mActiveRecord::InternalMetadata Load (0.3ms)[0m  [1m[34mSELECT  `ar_internal_metadata`.* FROM `ar_internal_metadata` WHERE `ar_internal_metadata`.`key` = 'environment' LIMIT 1[0m
  [1m[35m (0.2ms)[0m  [1m[35mBEGIN[0m
  [1m[35m (0.1ms)[0m  [1m[35mCOMMIT[0m
  [1m[35m (0.2ms)[0m  [1m[34mSELECT RELEASE_LOCK(3466450051621440555)[0m
  [1m[35m (0.3ms)[0m  [1m[34mSELECT `schema_migrations`.`version` FROM `schema_migrations` ORDER BY `schema_migrations`.`version` ASC[0m
  [1m[35m (0.2ms)[0m  [1m[35mSHOW CREATE TABLE `courses`[0m
  [1m[35m (0.3ms)[0m  [1m[35mSHOW TABLE STATUS LIKE 'courses'[0m
  [1m[35m (0.2ms)[0m  [1m[35mSHOW CREATE TABLE `users`[0m
  [1m[35m (0.3ms)[0m  [1m[35mSHOW TABLE STATUS LIKE 'users'[0m
Started GET "/courses" for 127.0.0.1 at 2017-06-15 15:51:45 -0500
  [1m[35m (0.3ms)[0m  [1m[35mSET NAMES utf8,  @@SESSION.sql_mode = CONCAT(CONCAT(@@sql_mode, ',STRICT_ALL_TABLES'), ',NO_AUTO_VALUE_ON_ZERO'),  @@SESSION.sql_auto_is_null = 0, @@SESSION.wait_timeout = 2147483[0m
  [1m[35m (0.3ms)[0m  [1m[34mSELECT `schema_migrations`.`version` FROM `schema_migrations` ORDER BY `schema_migrations`.`version` ASC[0m
Processing by CoursesController#index as HTML
  Rendering courses/index.html.erb within layouts/application
  Rendered courses/index.html.erb within layouts/application (8.5ms)
Completed 500 Internal Server Error in 25ms (ActiveRecord: 0.0ms)


  
ActionView::Template::Error (undefined method `admin?' for nil:NilClass):
    2: 
    3: <h1 style="margin-top:60px">Courses</h1>
    4: 
    5: <%if current_user.admin?%>
    6: <p>Hola Soy Admin</p>
    7: <%end%>
    8: <table>
  
app/views/courses/index.html.erb:5:in `_app_views_courses_index_html_erb__4240742368192318780_45237700'
Started GET "/" for 127.0.0.1 at 2017-06-15 15:52:02 -0500
Processing by HomeController#index as HTML
  Rendering home/index.html.erb within layouts/application
  Rendered home/index.html.erb within layouts/application (0.6ms)
Completed 200 OK in 401ms (Views: 399.6ms | ActiveRecord: 0.0ms)


Started GET "/users/sign_up" for 127.0.0.1 at 2017-06-15 15:52:06 -0500
Processing by Devise::RegistrationsController#new as HTML
  Rendering devise/registrations/new.html.erb within layouts/application
  Rendered devise/registrations/new.html.erb within layouts/application (21.2ms)
Completed 200 OK in 118ms (Views: 84.4ms | ActiveRecord: 2.3ms)


Started GET "/users/assets/ni%C3%B1o_avion.png" for 127.0.0.1 at 2017-06-15 15:52:06 -0500
  
ActionController::RoutingError (No route matches [GET] "/users/assets/ni%C3%B1o_avion.png"):
  
actionpack (5.1.1) lib/action_dispatch/middleware/debug_exceptions.rb:63:in `call'
web-console (3.5.1) lib/web_console/middleware.rb:135:in `call_app'
web-console (3.5.1) lib/web_console/middleware.rb:28:in `block in call'
web-console (3.5.1) lib/web_console/middleware.rb:18:in `catch'
web-console (3.5.1) lib/web_console/middleware.rb:18:in `call'
actionpack (5.1.1) lib/action_dispatch/middleware/show_exceptions.rb:31:in `call'
railties (5.1.1) lib/rails/rack/logger.rb:36:in `call_app'
railties (5.1.1) lib/rails/rack/logger.rb:24:in `block in call'
activesupport (5.1.1) lib/active_support/tagged_logging.rb:69:in `block in tagged'
activesupport (5.1.1) lib/active_support/tagged_logging.rb:26:in `tagged'
activesupport (5.1.1) lib/active_support/tagged_logging.rb:69:in `tagged'
railties (5.1.1) lib/rails/rack/logger.rb:24:in `call'
sprockets-rails (3.2.0) lib/sprockets/rails/quiet_assets.rb:13:in `call'
actionpack (5.1.1) lib/action_dispatch/middleware/remote_ip.rb:79:in `call'
actionpack (5.1.1) lib/action_dispatch/middleware/request_id.rb:25:in `call'
rack (2.0.3) lib/rack/method_override.rb:22:in `call'
rack (2.0.3) lib/rack/runtime.rb:22:in `call'
activesupport (5.1.1) lib/active_support/cache/strategy/local_cache_middleware.rb:27:in `call'
actionpack (5.1.1) lib/action_dispatch/middleware/executor.rb:12:in `call'
actionpack (5.1.1) lib/action_dispatch/middleware/static.rb:125:in `call'
rack (2.0.3) lib/rack/sendfile.rb:111:in `call'
railties (5.1.1) lib/rails/engine.rb:522:in `call'
puma (3.9.1) lib/puma/configuration.rb:224:in `call'
puma (3.9.1) lib/puma/server.rb:602:in `handle_request'
puma (3.9.1) lib/puma/server.rb:435:in `process_client'
puma (3.9.1) lib/puma/server.rb:299:in `block in run'
puma (3.9.1) lib/puma/thread_pool.rb:120:in `block in spawn_thread'
Started GET "/users/assets/responsive.png" for 127.0.0.1 at 2017-06-15 15:52:06 -0500
  
Started GET "/users/assets/arrow.jpg" for 127.0.0.1 at 2017-06-15 15:52:06 -0500
ActionController::RoutingError (No route matches [GET] "/users/assets/responsive.png"):
Started GET "/users/assets/cycle_lane.jpg" for 127.0.0.1 at 2017-06-15 15:52:06 -0500
  
Started GET "/users/assets/business_men.png" for 127.0.0.1 at 2017-06-15 15:52:06 -0500
  
  
ActionController::RoutingError (No route matches [GET] "/users/assets/arrow.jpg"):
ActionController::RoutingError (No route matches [GET] "/users/assets/business_men.png"):
ActionController::RoutingError (No route matches [GET] "/users/assets/cycle_lane.jpg"):
  
  
  
  
actionpack (5.1.1) lib/action_dispatch/middleware/debug_exceptions.rb:63:in `call'
web-console (3.5.1) lib/web_console/middleware.rb:135:in `call_app'
web-console (3.5.1) lib/web_console/middleware.rb:28:in `block in call'
web-console (3.5.1) lib/web_console/middleware.rb:18:in `catch'
web-console (3.5.1) lib/web_console/middleware.rb:18:in `call'
actionpack (5.1.1) lib/action_dispatch/middleware/show_exceptions.rb:31:in `call'
railties (5.1.1) lib/rails/rack/logger.rb:36:in `call_app'
railties (5.1.1) lib/rails/rack/logger.rb:24:in `block in call'
activesupport (5.1.1) lib/active_support/tagged_logging.rb:69:in `block in tagged'
activesupport (5.1.1) lib/active_support/tagged_logging.rb:26:in `tagged'
activesupport (5.1.1) lib/active_support/tagged_logging.rb:69:in `tagged'
railties (5.1.1) lib/rails/rack/logger.rb:24:in `call'
sprockets-rails (3.2.0) lib/sprockets/rails/quiet_assets.rb:13:in `call'
actionpack (5.1.1) lib/action_dispatch/middleware/remote_ip.rb:79:in `call'
actionpack (5.1.1) lib/action_dispatch/middleware/request_id.rb:25:in `call'
rack (2.0.3) lib/rack/method_override.rb:22:in `call'
rack (2.0.3) lib/rack/runtime.rb:22:in `call'
activesupport (5.1.1) lib/active_support/cache/strategy/local_cache_middleware.rb:27:in `call'
actionpack (5.1.1) lib/action_dispatch/middleware/executor.rb:12:in `call'
actionpack (5.1.1) lib/action_dispatch/middleware/static.rb:125:in `call'
rack (2.0.3) lib/rack/sendfile.rb:111:in `call'
railties (5.1.1) lib/rails/engine.rb:522:in `call'
puma (3.9.1) lib/puma/configuration.rb:224:in `call'
puma (3.9.1) lib/puma/server.rb:602:in `handle_request'
puma (3.9.1) lib/puma/server.rb:435:in `process_client'
puma (3.9.1) lib/puma/server.rb:299:in `block in run'
puma (3.9.1) lib/puma/thread_pool.rb:120:in `block in spawn_thread'
actionpack (5.1.1) lib/action_dispatch/middleware/debug_exceptions.rb:63:in `call'
web-console (3.5.1) lib/web_console/middleware.rb:135:in `call_app'
web-console (3.5.1) lib/web_console/middleware.rb:28:in `block in call'
web-console (3.5.1) lib/web_console/middleware.rb:18:in `catch'
web-console (3.5.1) lib/web_console/middleware.rb:18:in `call'
actionpack (5.1.1) lib/action_dispatch/middleware/show_exceptions.rb:31:in `call'
railties (5.1.1) lib/rails/rack/logger.rb:36:in `call_app'
railties (5.1.1) lib/rails/rack/logger.rb:24:in `block in call'
activesupport (5.1.1) lib/active_support/tagged_logging.rb:69:in `block in tagged'
activesupport (5.1.1) lib/active_support/tagged_logging.rb:26:in `tagged'
activesupport (5.1.1) lib/active_support/tagged_logging.rb:69:in `tagged'
railties (5.1.1) lib/rails/rack/logger.rb:24:in `call'
sprockets-rails (3.2.0) lib/sprockets/rails/quiet_assets.rb:13:in `call'
actionpack (5.1.1) lib/action_dispatch/middleware/remote_ip.rb:79:in `call'
actionpack (5.1.1) lib/action_dispatch/middleware/request_id.rb:25:in `call'
rack (2.0.3) lib/rack/method_override.rb:22:in `call'
rack (2.0.3) lib/rack/runtime.rb:22:in `call'
activesupport (5.1.1) lib/active_support/cache/strategy/local_cache_middleware.rb:27:in `call'
actionpack (5.1.1) lib/action_dispatch/middleware/executor.rb:12:in `call'
actionpack (5.1.1) lib/action_dispatch/middleware/static.rb:125:in `call'
rack (2.0.3) lib/rack/sendfile.rb:111:in `call'
railties (5.1.1) lib/rails/engine.rb:522:in `call'
puma (3.9.1) lib/puma/configuration.rb:224:in `call'
puma (3.9.1) lib/puma/server.rb:602:in `handle_request'
puma (3.9.1) lib/puma/server.rb:435:in `process_client'
puma (3.9.1) lib/puma/server.rb:299:in `block in run'
puma (3.9.1) lib/puma/thread_pool.rb:120:in `block in spawn_thread'
actionpack (5.1.1) lib/action_dispatch/middleware/debug_exceptions.rb:63:in `call'
web-console (3.5.1) lib/web_console/middleware.rb:135:in `call_app'
web-console (3.5.1) lib/web_console/middleware.rb:28:in `block in call'
web-console (3.5.1) lib/web_console/middleware.rb:18:in `catch'
web-console (3.5.1) lib/web_console/middleware.rb:18:in `call'
actionpack (5.1.1) lib/action_dispatch/middleware/show_exceptions.rb:31:in `call'
railties (5.1.1) lib/rails/rack/logger.rb:36:in `call_app'
railties (5.1.1) lib/rails/rack/logger.rb:24:in `block in call'
activesupport (5.1.1) lib/active_support/tagged_logging.rb:69:in `block in tagged'
activesupport (5.1.1) lib/active_support/tagged_logging.rb:26:in `tagged'
activesupport (5.1.1) lib/active_support/tagged_logging.rb:69:in `tagged'
railties (5.1.1) lib/rails/rack/logger.rb:24:in `call'
sprockets-rails (3.2.0) lib/sprockets/rails/quiet_assets.rb:13:in `call'
actionpack (5.1.1) lib/action_dispatch/middleware/remote_ip.rb:79:in `call'
actionpack (5.1.1) lib/action_dispatch/middleware/request_id.rb:25:in `call'
rack (2.0.3) lib/rack/method_override.rb:22:in `call'
rack (2.0.3) lib/rack/runtime.rb:22:in `call'
activesupport (5.1.1) lib/active_support/cache/strategy/local_cache_middleware.rb:27:in `call'
actionpack (5.1.1) lib/action_dispatch/middleware/executor.rb:12:in `call'
actionpack (5.1.1) lib/action_dispatch/middleware/static.rb:125:in `call'
rack (2.0.3) lib/rack/sendfile.rb:111:in `call'
railties (5.1.1) lib/rails/engine.rb:522:in `call'
puma (3.9.1) lib/puma/configuration.rb:224:in `call'
puma (3.9.1) lib/puma/server.rb:602:in `handle_request'
puma (3.9.1) lib/puma/server.rb:435:in `process_client'
puma (3.9.1) lib/puma/server.rb:299:in `block in run'
puma (3.9.1) lib/puma/thread_pool.rb:120:in `block in spawn_thread'
actionpack (5.1.1) lib/action_dispatch/middleware/debug_exceptions.rb:63:in `call'
web-console (3.5.1) lib/web_console/middleware.rb:135:in `call_app'
web-console (3.5.1) lib/web_console/middleware.rb:28:in `block in call'
web-console (3.5.1) lib/web_console/middleware.rb:18:in `catch'
web-console (3.5.1) lib/web_console/middleware.rb:18:in `call'
actionpack (5.1.1) lib/action_dispatch/middleware/show_exceptions.rb:31:in `call'
railties (5.1.1) lib/rails/rack/logger.rb:36:in `call_app'
railties (5.1.1) lib/rails/rack/logger.rb:24:in `block in call'
activesupport (5.1.1) lib/active_support/tagged_logging.rb:69:in `block in tagged'
activesupport (5.1.1) lib/active_support/tagged_logging.rb:26:in `tagged'
activesupport (5.1.1) lib/active_support/tagged_logging.rb:69:in `tagged'
railties (5.1.1) lib/rails/rack/logger.rb:24:in `call'
sprockets-rails (3.2.0) lib/sprockets/rails/quiet_assets.rb:13:in `call'
actionpack (5.1.1) lib/action_dispatch/middleware/remote_ip.rb:79:in `call'
actionpack (5.1.1) lib/action_dispatch/middleware/request_id.rb:25:in `call'
rack (2.0.3) lib/rack/method_override.rb:22:in `call'
rack (2.0.3) lib/rack/runtime.rb:22:in `call'
activesupport (5.1.1) lib/active_support/cache/strategy/local_cache_middleware.rb:27:in `call'
actionpack (5.1.1) lib/action_dispatch/middleware/executor.rb:12:in `call'
actionpack (5.1.1) lib/action_dispatch/middleware/static.rb:125:in `call'
rack (2.0.3) lib/rack/sendfile.rb:111:in `call'
railties (5.1.1) lib/rails/engine.rb:522:in `call'
puma (3.9.1) lib/puma/configuration.rb:224:in `call'
puma (3.9.1) lib/puma/server.rb:602:in `handle_request'
puma (3.9.1) lib/puma/server.rb:435:in `process_client'
puma (3.9.1) lib/puma/server.rb:299:in `block in run'
puma (3.9.1) lib/puma/thread_pool.rb:120:in `block in spawn_thread'
Started GET "/users/assets/office.png" for 127.0.0.1 at 2017-06-15 15:52:07 -0500
  
ActionController::RoutingError (No route matches [GET] "/users/assets/office.png"):
  
actionpack (5.1.1) lib/action_dispatch/middleware/debug_exceptions.rb:63:in `call'
web-console (3.5.1) lib/web_console/middleware.rb:135:in `call_app'
web-console (3.5.1) lib/web_console/middleware.rb:28:in `block in call'
web-console (3.5.1) lib/web_console/middleware.rb:18:in `catch'
web-console (3.5.1) lib/web_console/middleware.rb:18:in `call'
actionpack (5.1.1) lib/action_dispatch/middleware/show_exceptions.rb:31:in `call'
railties (5.1.1) lib/rails/rack/logger.rb:36:in `call_app'
railties (5.1.1) lib/rails/rack/logger.rb:24:in `block in call'
activesupport (5.1.1) lib/active_support/tagged_logging.rb:69:in `block in tagged'
activesupport (5.1.1) lib/active_support/tagged_logging.rb:26:in `tagged'
activesupport (5.1.1) lib/active_support/tagged_logging.rb:69:in `tagged'
railties (5.1.1) lib/rails/rack/logger.rb:24:in `call'
sprockets-rails (3.2.0) lib/sprockets/rails/quiet_assets.rb:13:in `call'
actionpack (5.1.1) lib/action_dispatch/middleware/remote_ip.rb:79:in `call'
actionpack (5.1.1) lib/action_dispatch/middleware/request_id.rb:25:in `call'
rack (2.0.3) lib/rack/method_override.rb:22:in `call'
rack (2.0.3) lib/rack/runtime.rb:22:in `call'
activesupport (5.1.1) lib/active_support/cache/strategy/local_cache_middleware.rb:27:in `call'
actionpack (5.1.1) lib/action_dispatch/middleware/executor.rb:12:in `call'
actionpack (5.1.1) lib/action_dispatch/middleware/static.rb:125:in `call'
rack (2.0.3) lib/rack/sendfile.rb:111:in `call'
railties (5.1.1) lib/rails/engine.rb:522:in `call'
puma (3.9.1) lib/puma/configuration.rb:224:in `call'
puma (3.9.1) lib/puma/server.rb:602:in `handle_request'
puma (3.9.1) lib/puma/server.rb:435:in `process_client'
puma (3.9.1) lib/puma/server.rb:299:in `block in run'
puma (3.9.1) lib/puma/thread_pool.rb:120:in `block in spawn_thread'
Started POST "/users" for 127.0.0.1 at 2017-06-15 15:52:38 -0500
Processing by Devise::RegistrationsController#create as HTML
  Parameters: {"utf8"=>"✓", "authenticity_token"=>"MqZibdJnCIIko1vyp70fTXJDViOBLqH7Fceg3bQ251UBjOFjV+kVkVN93MsrjOSqSJ82oA3xxPI8Z2m5MHVUvQ==", "user"=>{"name"=>"Andres", "last_name"=>"Domin", "document_type"=>"CC", "document_number"=>"1037594073", "birthday"=>"1989-04-07", "email"=>"admin@admin.com", "password"=>"[FILTERED]", "password_confirmation"=>"[FILTERED]"}, "commit"=>"¡Enviar!"}
  [1m[35m (0.2ms)[0m  [1m[35mBEGIN[0m
  [1m[36mUser Exists (0.4ms)[0m  [1m[34mSELECT  1 AS one FROM `users` WHERE `users`.`email` = BINARY 'admin@admin.com' LIMIT 1[0m
  [1m[35mSQL (0.4ms)[0m  [1m[32mINSERT INTO `users` (`created_at`, `updated_at`, `name`, `last_name`, `document_number`, `birthday`, `email`, `encrypted_password`) VALUES ('2017-06-15 20:52:38', '2017-06-15 20:52:38', 'Andres', 'Domin', 1037594073, '1989-04-07 00:00:00', 'admin@admin.com', '$2a$11$EkJdZXnLuIUzx79dg6zNDOCNZqTZel7BprJgsN5/RocCFZtUufyiu')[0m
  [1m[35m (31.1ms)[0m  [1m[35mCOMMIT[0m
  [1m[35m (0.2ms)[0m  [1m[35mBEGIN[0m
  [1m[35mSQL (0.5ms)[0m  [1m[33mUPDATE `users` SET `sign_in_count` = 1, `current_sign_in_at` = '2017-06-15 20:52:38', `last_sign_in_at` = '2017-06-15 20:52:38', `current_sign_in_ip` = '127.0.0.1', `last_sign_in_ip` = '127.0.0.1' WHERE `users`.`id` = 1[0m
  [1m[35m (28.6ms)[0m  [1m[35mCOMMIT[0m
Redirected to http://localhost:3000/
Completed 302 Found in 263ms (ActiveRecord: 61.4ms)


Started GET "/" for 127.0.0.1 at 2017-06-15 15:52:38 -0500
Processing by HomeController#index as HTML
  Rendering home/index.html.erb within layouts/application
  Rendered home/index.html.erb within layouts/application (0.5ms)
  [1m[36mUser Load (0.4ms)[0m  [1m[34mSELECT  `users`.* FROM `users` WHERE `users`.`id` = 1 ORDER BY `users`.`id` ASC LIMIT 1[0m
Completed 200 OK in 71ms (Views: 68.9ms | ActiveRecord: 0.4ms)


Started GET "/courses" for 127.0.0.1 at 2017-06-15 15:52:45 -0500
Processing by CoursesController#index as HTML
  Rendering courses/index.html.erb within layouts/application
  [1m[36mUser Load (0.7ms)[0m  [1m[34mSELECT  `users`.* FROM `users` WHERE `users`.`id` = 1 ORDER BY `users`.`id` ASC LIMIT 1[0m
  [1m[36mCourse Load (0.4ms)[0m  [1m[34mSELECT `courses`.* FROM `courses`[0m
  Rendered courses/index.html.erb within layouts/application (6.9ms)
Completed 200 OK in 76ms (Views: 72.9ms | ActiveRecord: 1.7ms)


Started GET "/courses" for 127.0.0.1 at 2017-06-15 15:54:21 -0500
Processing by CoursesController#index as HTML
  Rendering courses/index.html.erb within layouts/application
  [1m[36mUser Load (0.5ms)[0m  [1m[34mSELECT  `users`.* FROM `users` WHERE `users`.`id` = 1 ORDER BY `users`.`id` ASC LIMIT 1[0m
  [1m[36mCourse Load (0.4ms)[0m  [1m[34mSELECT `courses`.* FROM `courses`[0m
  Rendered courses/index.html.erb within layouts/application (4.7ms)
Completed 200 OK in 80ms (Views: 76.7ms | ActiveRecord: 0.8ms)


Started GET "/courses" for 127.0.0.1 at 2017-06-15 15:54:38 -0500
Processing by CoursesController#index as HTML
  Rendering courses/index.html.erb within layouts/application
  [1m[36mUser Load (0.5ms)[0m  [1m[34mSELECT  `users`.* FROM `users` WHERE `users`.`id` = 1 ORDER BY `users`.`id` ASC LIMIT 1[0m
  [1m[36mCourse Load (0.3ms)[0m  [1m[34mSELECT `courses`.* FROM `courses`[0m
  Rendered courses/index.html.erb within layouts/application (4.7ms)
Completed 200 OK in 80ms (Views: 77.0ms | ActiveRecord: 0.9ms)


Started GET "/courses" for 127.0.0.1 at 2017-06-15 15:55:49 -0500
Processing by CoursesController#index as HTML
  Rendering courses/index.html.erb within layouts/application
  [1m[36mUser Load (0.4ms)[0m  [1m[34mSELECT  `users`.* FROM `users` WHERE `users`.`id` = 1 ORDER BY `users`.`id` ASC LIMIT 1[0m
  [1m[36mCourse Load (0.3ms)[0m  [1m[34mSELECT `courses`.* FROM `courses`[0m
  Rendered courses/index.html.erb within layouts/application (4.0ms)
Completed 200 OK in 81ms (Views: 78.7ms | ActiveRecord: 0.7ms)


Started GET "/courses" for 127.0.0.1 at 2017-06-15 15:56:11 -0500
Processing by CoursesController#index as HTML
  Rendering courses/index.html.erb within layouts/application
  [1m[36mUser Load (0.6ms)[0m  [1m[34mSELECT  `users`.* FROM `users` WHERE `users`.`id` = 1 ORDER BY `users`.`id` ASC LIMIT 1[0m
  [1m[36mCourse Load (0.4ms)[0m  [1m[34mSELECT `courses`.* FROM `courses`[0m
  Rendered courses/index.html.erb within layouts/application (5.5ms)
Completed 200 OK in 100ms (Views: 96.9ms | ActiveRecord: 1.0ms)


